

2017-04-22	10:56:45
CDlgPileNOInfo::OnThreadSQL
 g_pAdoDB->QueryL1P105前

2017-04-22	10:56:45
CDlgPileNOInfo::OnThreadSQL
 g_pAdoDB->QueryL1P105后

2017-04-22	10:56:48
FORMVIEW::OnBnClickedBtninsert开始

2017-04-22	10:56:48
FORMVIEW::OnBnClickedBtninsert
点击确认g_pAdoDB->AddToKHB_PLATE_PLIENO 前

2017-04-22	10:56:48
CMes::AddToKHB_PLATE_PLIENO
执行SQL语句前

2017-04-22	10:57:01
CMes::AddToKHB_PLATE_PLIENO
执行SQL语句后

2017-04-22	10:57:01
FORMVIEW::OnBnClickedBtninsert
点击确认 g_pAdoDB->AddToKHB_PLATE_PLIENO 后

2017-04-22	10:57:01
FORMVIEW::OnBnClickedBtninsert
 结束

2017-04-22	11:35:00
CDlgPileNOInfo::OnThreadSQL
 g_pAdoDB->QueryL1P105前

2017-04-22	11:35:01
CDlgPileNOInfo::OnThreadSQL
 g_pAdoDB->QueryL1P105后

2017-04-22	11:35:04
FORMVIEW::OnBnClickedBtninsert开始

2017-04-22	11:35:04
FORMVIEW::OnBnClickedBtninsert
点击确认g_pAdoDB->AddToKHB_PLATE_PLIENO 前

2017-04-22	11:35:04
CMes::AddToKHB_PLATE_PLIENO
执行SQL语句前

2017-04-22	11:35:04
xPublic::CAdoDB::ExecuteSQL
 ExecuteSQL开始

2017-04-22	11:35:04
xPublic::CAdoDB::ExecuteSQL
 ExecuteSQL判断是否连接数据库之后

2017-04-22	11:35:04
xPublic::CAdoDB::ExecuteSQL
 ExecuteSQL执行语句后

2017-04-22	11:35:04
CMes::AddToKHB_PLATE_PLIENO
执行SQL语句后

2017-04-22	11:35:04
FORMVIEW::OnBnClickedBtninsert
点击确认 g_pAdoDB->AddToKHB_PLATE_PLIENO 后

2017-04-22	11:35:04
FORMVIEW::OnBnClickedBtninsert
 结束