

2016-10-22	09:42:08
初始化g_iXGain200

2016-10-22	09:42:08
初始化循环跨中Gain200

2016-10-22	09:42:08
初始化循环跨中Gain200

2016-10-22	09:42:08
初始化循环跨中Gain200

2016-10-22	09:42:08
初始化循环跨中Gain200

2016-10-22	09:53:15
初始化g_iXGain = 200

2016-10-22	09:53:15
初始化循环跨中Gain = 200

2016-10-22	09:53:15
初始化循环跨中Gain = 200

2016-10-22	09:53:15
初始化循环跨中Gain = 200

2016-10-22	09:53:15
初始化循环跨中Gain = 200

2016-10-22	09:53:26
确定 Gain = 348

2016-10-22	09:53:26
确定 Gain = 408

2016-10-22	09:53:26
确定 Gain = 200

2016-10-22	09:53:26
确定 Gain = 200

2016-10-22	09:53:58
初始化g_iXGain = 200

2016-10-22	09:53:58
初始化循环跨中Gain = 200

2016-10-22	09:53:58
初始化循环跨中Gain = 200

2016-10-22	09:53:58
初始化循环跨中Gain = 200

2016-10-22	09:53:58
初始化循环跨中Gain = 200

2016-10-22	09:59:17
初始化g_iXGain = 200

2016-10-22	09:59:17
初始化循环跨中Gain = 200

2016-10-22	09:59:17
初始化循环跨中Gain = 200

2016-10-22	09:59:17
初始化循环跨中Gain = 200

2016-10-22	09:59:17
初始化循环跨中Gain = 200

2016-10-22	09:59:22
确定 从Slider得到Gain = 102

2016-10-22	09:59:22
确定 从m_camera1 得到Gain = 200

2016-10-22	09:59:22
确定 从Slider得到Gain = 386

2016-10-22	09:59:22
确定 从m_camera1 得到Gain = 200

2016-10-22	09:59:22
确定 从Slider得到Gain = 200

2016-10-22	09:59:22
确定 从m_camera1 得到Gain = 200

2016-10-22	09:59:22
确定 从Slider得到Gain = 200

2016-10-22	09:59:22
确定 从m_camera1 得到Gain = 200

2016-10-22	09:59:27
初始化g_iXGain = 200

2016-10-22	09:59:27
初始化循环跨中Gain = 200

2016-10-22	09:59:27
初始化循环跨中Gain = 200

2016-10-22	09:59:27
初始化循环跨中Gain = 200

2016-10-22	09:59:27
初始化循环跨中Gain = 200

2016-10-22	10:12:13
初始化g_iXGain = 200

2016-10-22	10:12:13
初始化循环跨中Gain = 200

2016-10-22	10:12:13
初始化循环跨中Gain = 200

2016-10-22	10:12:13
初始化循环跨中Gain = 200

2016-10-22	10:12:13
初始化循环跨中Gain = 200

2016-10-22	10:12:18
确定 从Slider得到Gain = 468

2016-10-22	10:12:18
确定 从m_camera1 得到Gain = 468

2016-10-22	10:12:18
确定 从Slider得到Gain = 354

2016-10-22	10:12:18
确定 从m_camera1 得到Gain = 354

2016-10-22	10:12:18
确定 从Slider得到Gain = 200

2016-10-22	10:12:18
确定 从m_camera1 得到Gain = 200

2016-10-22	10:12:18
确定 从Slider得到Gain = 200

2016-10-22	10:12:18
确定 从m_camera1 得到Gain = 200

2016-10-22	10:12:22
初始化g_iXGain = 200

2016-10-22	10:12:22
初始化循环跨中Gain = 200

2016-10-22	10:12:22
初始化循环跨中Gain = 200

2016-10-22	10:12:22
初始化循环跨中Gain = 200

2016-10-22	10:12:22
初始化循环跨中Gain = 200

2016-10-22	10:12:44
关闭实时

2016-10-22	10:13:39
初始化g_iXGain = 200

2016-10-22	10:13:39
初始化循环跨中Gain = 200

2016-10-22	10:13:39
初始化循环跨中Gain = 200

2016-10-22	10:13:39
初始化循环跨中Gain = 200

2016-10-22	10:13:39
初始化循环跨中Gain = 200

2016-10-22	10:13:43
确定 从Slider得到Gain = 342

2016-10-22	10:13:43
确定 从m_camera1 得到Gain = 342

2016-10-22	10:13:43
确定 从Slider得到Gain = 200

2016-10-22	10:13:43
确定 从m_camera1 得到Gain = 200

2016-10-22	10:13:43
确定 从Slider得到Gain = 200

2016-10-22	10:13:43
确定 从m_camera1 得到Gain = 200

2016-10-22	10:13:43
确定 从Slider得到Gain = 200

2016-10-22	10:13:43
确定 从m_camera1 得到Gain = 200

2016-10-22	10:13:51
确定 从Slider得到Gain = 342

2016-10-22	10:13:51
确定 从m_camera1 得到Gain = 342

2016-10-22	10:13:51
确定 从Slider得到Gain = 104

2016-10-22	10:13:51
确定 从m_camera1 得到Gain = 104

2016-10-22	10:13:51
确定 从Slider得到Gain = 367

2016-10-22	10:13:51
确定 从m_camera1 得到Gain = 367

2016-10-22	10:13:51
确定 从Slider得到Gain = 200

2016-10-22	10:13:51
确定 从m_camera1 得到Gain = 200

2016-10-22	10:18:18
初始化g_iXGain = 200

2016-10-22	10:18:18
初始化循环跨中Gain = 200

2016-10-22	10:18:18
初始化循环跨中Gain = 200

2016-10-22	10:18:18
初始化循环跨中Gain = 200

2016-10-22	10:18:18
初始化循环跨中Gain = 200

2016-10-22	10:18:24
确定 从Slider得到Gain = 134

2016-10-22	10:18:24
确定 从m_camera1 得到Gain = 134

2016-10-22	10:18:24
确定 从Slider得到Gain = 361

2016-10-22	10:18:24
确定 从m_camera1 得到Gain = 361

2016-10-22	10:18:24
确定 从Slider得到Gain = 389

2016-10-22	10:18:24
确定 从m_camera1 得到Gain = 389

2016-10-22	10:18:24
确定 从Slider得到Gain = 200

2016-10-22	10:18:24
确定 从m_camera1 得到Gain = 200

2016-10-22	10:58:40
初始化g_iXGain = 200

2016-10-22	10:58:40
初始化循环跨中Gain = 200

2016-10-22	10:58:40
初始化循环跨中Gain = 200

2016-10-22	10:58:40
初始化循环跨中Gain = 200

2016-10-22	10:58:40
初始化循环跨中Gain = 200

2016-10-22	11:00:55
初始化g_iXGain = 200

2016-10-22	11:00:55
初始化循环跨中Gain = 200

2016-10-22	11:00:55
初始化循环跨中Gain = 200

2016-10-22	11:00:55
初始化循环跨中Gain = 200

2016-10-22	11:00:55
初始化循环跨中Gain = 200

2016-10-22	11:00:57
U跨 TRBN_THUMBPOSCHANGING Gain = 202

2016-10-22	11:00:57
U跨 TRBN_THUMBPOSCHANGING Gain = 204

2016-10-22	11:00:57
U跨 TRBN_THUMBPOSCHANGING Gain = 205

2016-10-22	11:00:57
U跨 TRBN_THUMBPOSCHANGING Gain = 209

2016-10-22	11:00:57
U跨 TRBN_THUMBPOSCHANGING Gain = 212

2016-10-22	11:00:57
U跨 TRBN_THUMBPOSCHANGING Gain = 215

2016-10-22	11:00:57
U跨 TRBN_THUMBPOSCHANGING Gain = 218

2016-10-22	11:00:57
U跨 TRBN_THUMBPOSCHANGING Gain = 223

2016-10-22	11:00:57
U跨 TRBN_THUMBPOSCHANGING Gain = 226

2016-10-22	11:00:57
U跨 TRBN_THUMBPOSCHANGING Gain = 232

2016-10-22	11:00:57
U跨 TRBN_THUMBPOSCHANGING Gain = 237

2016-10-22	11:00:57
U跨 TRBN_THUMBPOSCHANGING Gain = 240

2016-10-22	11:00:57
U跨 TRBN_THUMBPOSCHANGING Gain = 245

2016-10-22	11:00:57
U跨 TRBN_THUMBPOSCHANGING Gain = 250

2016-10-22	11:00:57
U跨 TRBN_THUMBPOSCHANGING Gain = 256

2016-10-22	11:00:57
U跨 TRBN_THUMBPOSCHANGING Gain = 264

2016-10-22	11:00:57
U跨 TRBN_THUMBPOSCHANGING Gain = 269

2016-10-22	11:00:57
U跨 TRBN_THUMBPOSCHANGING Gain = 273

2016-10-22	11:00:57
U跨 TRBN_THUMBPOSCHANGING Gain = 277

2016-10-22	11:00:57
U跨 TRBN_THUMBPOSCHANGING Gain = 281

2016-10-22	11:00:57
U跨 TRBN_THUMBPOSCHANGING Gain = 285

2016-10-22	11:00:57
U跨 TRBN_THUMBPOSCHANGING Gain = 288

2016-10-22	11:00:57
U跨 TRBN_THUMBPOSCHANGING Gain = 289

2016-10-22	11:00:57
U跨 TRBN_THUMBPOSCHANGING Gain = 292

2016-10-22	11:00:57
U跨 TRBN_THUMBPOSCHANGING Gain = 294

2016-10-22	11:00:57
U跨 TRBN_THUMBPOSCHANGING Gain = 297

2016-10-22	11:00:57
U跨 TRBN_THUMBPOSCHANGING Gain = 299

2016-10-22	11:00:57
U跨 TRBN_THUMBPOSCHANGING Gain = 300

2016-10-22	11:00:57
U跨 TRBN_THUMBPOSCHANGING Gain = 302

2016-10-22	11:00:57
U跨 TRBN_THUMBPOSCHANGING Gain = 304

2016-10-22	11:00:57
U跨 TRBN_THUMBPOSCHANGING Gain = 305

2016-10-22	11:00:58
U跨 TRBN_THUMBPOSCHANGING Gain = 202

2016-10-22	11:00:58
U跨 TRBN_THUMBPOSCHANGING Gain = 207

2016-10-22	11:00:58
U跨 TRBN_THUMBPOSCHANGING Gain = 213

2016-10-22	11:00:58
U跨 TRBN_THUMBPOSCHANGING Gain = 218

2016-10-22	11:00:58
U跨 TRBN_THUMBPOSCHANGING Gain = 224

2016-10-22	11:00:58
U跨 TRBN_THUMBPOSCHANGING Gain = 234

2016-10-22	11:00:58
U跨 TRBN_THUMBPOSCHANGING Gain = 245

2016-10-22	11:00:58
U跨 TRBN_THUMBPOSCHANGING Gain = 258

2016-10-22	11:00:58
U跨 TRBN_THUMBPOSCHANGING Gain = 273

2016-10-22	11:00:58
U跨 TRBN_THUMBPOSCHANGING Gain = 288

2016-10-22	11:00:58
U跨 TRBN_THUMBPOSCHANGING Gain = 304

2016-10-22	11:00:58
U跨 TRBN_THUMBPOSCHANGING Gain = 318

2016-10-22	11:00:58
U跨 TRBN_THUMBPOSCHANGING Gain = 330

2016-10-22	11:00:58
U跨 TRBN_THUMBPOSCHANGING Gain = 345

2016-10-22	11:00:58
U跨 TRBN_THUMBPOSCHANGING Gain = 353

2016-10-22	11:00:58
U跨 TRBN_THUMBPOSCHANGING Gain = 362

2016-10-22	11:00:58
U跨 TRBN_THUMBPOSCHANGING Gain = 369

2016-10-22	11:00:58
U跨 TRBN_THUMBPOSCHANGING Gain = 373

2016-10-22	11:00:58
U跨 TRBN_THUMBPOSCHANGING Gain = 378

2016-10-22	11:00:58
U跨 TRBN_THUMBPOSCHANGING Gain = 381

2016-10-22	11:00:58
U跨 TRBN_THUMBPOSCHANGING Gain = 384

2016-10-22	11:00:58
U跨 TRBN_THUMBPOSCHANGING Gain = 386

2016-10-22	11:00:58
U跨 TRBN_THUMBPOSCHANGING Gain = 388

2016-10-22	11:00:58
U跨 TRBN_THUMBPOSCHANGING Gain = 389

2016-10-22	11:00:58
U跨 TRBN_THUMBPOSCHANGING Gain = 391

2016-10-22	11:00:59
U跨 TRBN_THUMBPOSCHANGING Gain = 392

2016-10-22	11:00:59
U跨 TRBN_THUMBPOSCHANGING Gain = 397

2016-10-22	11:00:59
U跨 TRBN_THUMBPOSCHANGING Gain = 399

2016-10-22	11:00:59
U跨 TRBN_THUMBPOSCHANGING Gain = 400

2016-10-22	11:00:59
U跨 TRBN_THUMBPOSCHANGING Gain = 402

2016-10-22	11:00:59
U跨 TRBN_THUMBPOSCHANGING Gain = 405

2016-10-22	11:00:59
U跨 TRBN_THUMBPOSCHANGING Gain = 407

2016-10-22	11:00:59
U跨 TRBN_THUMBPOSCHANGING Gain = 408

2016-10-22	11:00:59
U跨 TRBN_THUMBPOSCHANGING Gain = 410

2016-10-22	11:00:59
U跨 TRBN_THUMBPOSCHANGING Gain = 411

2016-10-22	11:00:59
U跨 TRBN_THUMBPOSCHANGING Gain = 413

2016-10-22	11:00:59
U跨 TRBN_THUMBPOSCHANGING Gain = 414

2016-10-22	11:00:59
确定 从Slider得到Gain = 305

2016-10-22	11:00:59
确定 从m_camera1 得到Gain = 305

2016-10-22	11:00:59
确定 从Slider得到Gain = 414

2016-10-22	11:00:59
确定 从m_camera1 得到Gain = 414

2016-10-22	11:00:59
确定 从Slider得到Gain = 200

2016-10-22	11:00:59
确定 从m_camera1 得到Gain = 200

2016-10-22	11:00:59
确定 从Slider得到Gain = 200

2016-10-22	11:00:59
确定 从m_camera1 得到Gain = 200

2016-10-22	11:01:02
初始化g_iXGain = 200

2016-10-22	11:01:02
初始化循环跨中Gain = 200

2016-10-22	11:01:02
初始化循环跨中Gain = 200

2016-10-22	11:01:02
初始化循环跨中Gain = 200

2016-10-22	11:01:02
初始化循环跨中Gain = 200

2016-10-22	11:01:05
U跨 TRBN_THUMBPOSCHANGING Gain = 202

2016-10-22	11:01:06
U跨 TRBN_THUMBPOSCHANGING Gain = 204

2016-10-22	11:01:06
U跨 TRBN_THUMBPOSCHANGING Gain = 205

2016-10-22	11:01:06
U跨 TRBN_THUMBPOSCHANGING Gain = 210

2016-10-22	11:01:06
U跨 TRBN_THUMBPOSCHANGING Gain = 215

2016-10-22	11:01:06
U跨 TRBN_THUMBPOSCHANGING Gain = 220

2016-10-22	11:01:06
U跨 TRBN_THUMBPOSCHANGING Gain = 226

2016-10-22	11:01:06
U跨 TRBN_THUMBPOSCHANGING Gain = 235

2016-10-22	11:01:06
U跨 TRBN_THUMBPOSCHANGING Gain = 247

2016-10-22	11:01:06
U跨 TRBN_THUMBPOSCHANGING Gain = 259

2016-10-22	11:01:06
U跨 TRBN_THUMBPOSCHANGING Gain = 275

2016-10-22	11:01:06
U跨 TRBN_THUMBPOSCHANGING Gain = 288

2016-10-22	11:01:06
U跨 TRBN_THUMBPOSCHANGING Gain = 300

2016-10-22	11:01:06
U跨 TRBN_THUMBPOSCHANGING Gain = 313

2016-10-22	11:01:06
U跨 TRBN_THUMBPOSCHANGING Gain = 324

2016-10-22	11:01:06
U跨 TRBN_THUMBPOSCHANGING Gain = 334

2016-10-22	11:01:06
U跨 TRBN_THUMBPOSCHANGING Gain = 340

2016-10-22	11:01:06
U跨 TRBN_THUMBPOSCHANGING Gain = 343

2016-10-22	11:01:08
U跨 TRBN_THUMBPOSCHANGING Gain = 204

2016-10-22	11:01:08
U跨 TRBN_THUMBPOSCHANGING Gain = 221

2016-10-22	11:01:08
U跨 TRBN_THUMBPOSCHANGING Gain = 228

2016-10-22	11:01:08
U跨 TRBN_THUMBPOSCHANGING Gain = 235

2016-10-22	11:01:08
U跨 TRBN_THUMBPOSCHANGING Gain = 243

2016-10-22	11:01:08
U跨 TRBN_THUMBPOSCHANGING Gain = 248

2016-10-22	11:01:08
U跨 TRBN_THUMBPOSCHANGING Gain = 254

2016-10-22	11:01:08
U跨 TRBN_THUMBPOSCHANGING Gain = 264

2016-10-22	11:01:08
U跨 TRBN_THUMBPOSCHANGING Gain = 272

2016-10-22	11:01:08
U跨 TRBN_THUMBPOSCHANGING Gain = 283

2016-10-22	11:01:08
U跨 TRBN_THUMBPOSCHANGING Gain = 294

2016-10-22	11:01:08
U跨 TRBN_THUMBPOSCHANGING Gain = 305

2016-10-22	11:01:08
U跨 TRBN_THUMBPOSCHANGING Gain = 316

2016-10-22	11:01:08
U跨 TRBN_THUMBPOSCHANGING Gain = 326

2016-10-22	11:01:08
U跨 TRBN_THUMBPOSCHANGING Gain = 337

2016-10-22	11:01:08
U跨 TRBN_THUMBPOSCHANGING Gain = 345

2016-10-22	11:01:08
U跨 TRBN_THUMBPOSCHANGING Gain = 354

2016-10-22	11:01:08
U跨 TRBN_THUMBPOSCHANGING Gain = 362

2016-10-22	11:01:08
U跨 TRBN_THUMBPOSCHANGING Gain = 373

2016-10-22	11:01:08
U跨 TRBN_THUMBPOSCHANGING Gain = 383

2016-10-22	11:01:08
U跨 TRBN_THUMBPOSCHANGING Gain = 394

2016-10-22	11:01:08
U跨 TRBN_THUMBPOSCHANGING Gain = 402

2016-10-22	11:01:08
U跨 TRBN_THUMBPOSCHANGING Gain = 413

2016-10-22	11:01:08
U跨 TRBN_THUMBPOSCHANGING Gain = 422

2016-10-22	11:01:08
U跨 TRBN_THUMBPOSCHANGING Gain = 430

2016-10-22	11:01:08
U跨 TRBN_THUMBPOSCHANGING Gain = 438

2016-10-22	11:01:08
U跨 TRBN_THUMBPOSCHANGING Gain = 445

2016-10-22	11:01:08
U跨 TRBN_THUMBPOSCHANGING Gain = 451

2016-10-22	11:01:08
U跨 TRBN_THUMBPOSCHANGING Gain = 454

2016-10-22	11:01:08
U跨 TRBN_THUMBPOSCHANGING Gain = 459

2016-10-22	11:01:08
U跨 TRBN_THUMBPOSCHANGING Gain = 460

2016-10-22	11:01:08
U跨 TRBN_THUMBPOSCHANGING Gain = 462

2016-10-22	11:01:08
U跨 TRBN_THUMBPOSCHANGING Gain = 464

2016-10-22	11:01:08
U跨 TRBN_THUMBPOSCHANGING Gain = 465

2016-10-22	11:01:08
U跨 TRBN_THUMBPOSCHANGING Gain = 467

2016-10-22	11:01:08
U跨 TRBN_THUMBPOSCHANGING Gain = 468

2016-10-22	11:01:08
U跨 TRBN_THUMBPOSCHANGING Gain = 470

2016-10-22	11:01:14
确定 从Slider得到Gain = 343

2016-10-22	11:01:14
确定 从m_camera1 得到Gain = 343

2016-10-22	11:01:14
确定 从Slider得到Gain = 470

2016-10-22	11:01:14
确定 从m_camera1 得到Gain = 470

2016-10-22	11:01:14
确定 从Slider得到Gain = 200

2016-10-22	11:01:14
确定 从m_camera1 得到Gain = 200

2016-10-22	11:01:14
确定 从Slider得到Gain = 200

2016-10-22	11:01:14
确定 从m_camera1 得到Gain = 200

2016-10-22	11:01:19
初始化g_iXGain = 200

2016-10-22	11:01:19
初始化循环跨中Gain = 200

2016-10-22	11:01:19
初始化循环跨中Gain = 200

2016-10-22	11:01:19
初始化循环跨中Gain = 200

2016-10-22	11:01:19
初始化循环跨中Gain = 200