..\..\bin\HVMViewer2.pdb
E:\学习文件\研究生课程\WORK\SCIYON\PROJECTS\图像识别\目前使用的(新)\二车间\二车间_2018_11_02_11_16\BIN\HVMVIEWER2.EXE
E:\学习文件\研究生课程\WORK\SCIYON\PROJECTS\图像识别\目前使用的(新)\二车间\二车间_2018_11_02_11_16\BIN\HVMVIEWER2.PDB
E:\学习文件\研究生课程\WORK\SCIYON\PROJECTS\图像识别\目前使用的(新)\二车间\二车间_2018_11_02_11_16\OBJ\HVMVIEWER2\RELEASE\ADODB.OBJ
E:\学习文件\研究生课程\WORK\SCIYON\PROJECTS\图像识别\目前使用的(新)\二车间\二车间_2018_11_02_11_16\OBJ\HVMVIEWER2\RELEASE\BITMAPSTATIC.OBJ
E:\学习文件\研究生课程\WORK\SCIYON\PROJECTS\图像识别\目前使用的(新)\二车间\二车间_2018_11_02_11_16\OBJ\HVMVIEWER2\RELEASE\BOUNCE.OBJ
E:\学习文件\研究生课程\WORK\SCIYON\PROJECTS\图像识别\目前使用的(新)\二车间\二车间_2018_11_02_11_16\OBJ\HVMVIEWER2\RELEASE\CAMERA.OBJ
E:\学习文件\研究生课程\Work\Sciyon\projects\图像识别\目前使用的(新)\二车间\二车间_2018_11_02_11_16\obj\HVMViewer2\Release\cl.command.1.tlog
E:\学习文件\研究生课程\Work\Sciyon\projects\图像识别\目前使用的(新)\二车间\二车间_2018_11_02_11_16\obj\HVMViewer2\Release\CL.read.1.tlog
E:\学习文件\研究生课程\Work\Sciyon\projects\图像识别\目前使用的(新)\二车间\二车间_2018_11_02_11_16\obj\HVMViewer2\Release\CL.write.1.tlog
E:\学习文件\研究生课程\WORK\SCIYON\PROJECTS\图像识别\目前使用的(新)\二车间\二车间_2018_11_02_11_16\OBJ\HVMVIEWER2\RELEASE\COMMON.OBJ
E:\学习文件\研究生课程\WORK\SCIYON\PROJECTS\图像识别\目前使用的(新)\二车间\二车间_2018_11_02_11_16\OBJ\HVMVIEWER2\RELEASE\DLGINSERTORDER.OBJ
E:\学习文件\研究生课程\WORK\SCIYON\PROJECTS\图像识别\目前使用的(新)\二车间\二车间_2018_11_02_11_16\OBJ\HVMVIEWER2\RELEASE\DLGINSERTPILENO.OBJ
E:\学习文件\研究生课程\WORK\SCIYON\PROJECTS\图像识别\目前使用的(新)\二车间\二车间_2018_11_02_11_16\OBJ\HVMVIEWER2\RELEASE\DLGLOGIN.OBJ
E:\学习文件\研究生课程\WORK\SCIYON\PROJECTS\图像识别\目前使用的(新)\二车间\二车间_2018_11_02_11_16\OBJ\HVMVIEWER2\RELEASE\DLGPILENOINFO.OBJ
E:\学习文件\研究生课程\WORK\SCIYON\PROJECTS\图像识别\目前使用的(新)\二车间\二车间_2018_11_02_11_16\OBJ\HVMVIEWER2\RELEASE\DLGPROGRESS.OBJ
E:\学习文件\研究生课程\WORK\SCIYON\PROJECTS\图像识别\目前使用的(新)\二车间\二车间_2018_11_02_11_16\OBJ\HVMVIEWER2\RELEASE\DLGQL.OBJ
E:\学习文件\研究生课程\WORK\SCIYON\PROJECTS\图像识别\目前使用的(新)\二车间\二车间_2018_11_02_11_16\OBJ\HVMVIEWER2\RELEASE\DLGREVERSESTACK.OBJ
E:\学习文件\研究生课程\WORK\SCIYON\PROJECTS\图像识别\目前使用的(新)\二车间\二车间_2018_11_02_11_16\OBJ\HVMVIEWER2\RELEASE\DLGREVISEPLATENO.OBJ
E:\学习文件\研究生课程\WORK\SCIYON\PROJECTS\图像识别\目前使用的(新)\二车间\二车间_2018_11_02_11_16\OBJ\HVMVIEWER2\RELEASE\DLGSELCETCRANE.OBJ
E:\学习文件\研究生课程\WORK\SCIYON\PROJECTS\图像识别\目前使用的(新)\二车间\二车间_2018_11_02_11_16\OBJ\HVMVIEWER2\RELEASE\DLGXG.OBJ
E:\学习文件\研究生课程\WORK\SCIYON\PROJECTS\图像识别\目前使用的(新)\二车间\二车间_2018_11_02_11_16\OBJ\HVMVIEWER2\RELEASE\DLGYUCAIPILE.OBJ
E:\学习文件\研究生课程\WORK\SCIYON\PROJECTS\图像识别\目前使用的(新)\二车间\二车间_2018_11_02_11_16\OBJ\HVMVIEWER2\RELEASE\FORMVIEW.OBJ
E:\学习文件\研究生课程\WORK\SCIYON\PROJECTS\图像识别\目前使用的(新)\二车间\二车间_2018_11_02_11_16\OBJ\HVMVIEWER2\RELEASE\FORMVIEW1.OBJ
E:\学习文件\研究生课程\WORK\SCIYON\PROJECTS\图像识别\目前使用的(新)\二车间\二车间_2018_11_02_11_16\OBJ\HVMVIEWER2\RELEASE\HARDCAMERA.OBJ
E:\学习文件\研究生课程\WORK\SCIYON\PROJECTS\图像识别\目前使用的(新)\二车间\二车间_2018_11_02_11_16\OBJ\HVMVIEWER2\RELEASE\HVMVIEW.OBJ
E:\学习文件\研究生课程\WORK\SCIYON\PROJECTS\图像识别\目前使用的(新)\二车间\二车间_2018_11_02_11_16\OBJ\HVMVIEWER2\RELEASE\HVMVIEWER2.EXE.INTERMEDIATE.MANIFEST
E:\学习文件\研究生课程\WORK\SCIYON\PROJECTS\图像识别\目前使用的(新)\二车间\二车间_2018_11_02_11_16\OBJ\HVMVIEWER2\RELEASE\HVMVIEWER2.OBJ
E:\学习文件\研究生课程\WORK\SCIYON\PROJECTS\图像识别\目前使用的(新)\二车间\二车间_2018_11_02_11_16\OBJ\HVMVIEWER2\RELEASE\HVMVIEWER2.PCH
E:\学习文件\研究生课程\WORK\SCIYON\PROJECTS\图像识别\目前使用的(新)\二车间\二车间_2018_11_02_11_16\OBJ\HVMVIEWER2\RELEASE\HVMVIEWER2.RES
E:\学习文件\研究生课程\Work\Sciyon\projects\图像识别\目前使用的(新)\二车间\二车间_2018_11_02_11_16\obj\HVMViewer2\Release\HVMViewer2.write.1.tlog
E:\学习文件\研究生课程\WORK\SCIYON\PROJECTS\图像识别\目前使用的(新)\二车间\二车间_2018_11_02_11_16\OBJ\HVMVIEWER2\RELEASE\HVMVIEWER2DOC.OBJ
E:\学习文件\研究生课程\Work\Sciyon\projects\图像识别\目前使用的(新)\二车间\二车间_2018_11_02_11_16\obj\HVMViewer2\Release\link.command.1.tlog
E:\学习文件\研究生课程\Work\Sciyon\projects\图像识别\目前使用的(新)\二车间\二车间_2018_11_02_11_16\obj\HVMViewer2\Release\link.read.1.tlog
E:\学习文件\研究生课程\Work\Sciyon\projects\图像识别\目前使用的(新)\二车间\二车间_2018_11_02_11_16\obj\HVMViewer2\Release\link.write.1.tlog
E:\学习文件\研究生课程\Work\Sciyon\projects\图像识别\目前使用的(新)\二车间\二车间_2018_11_02_11_16\obj\HVMViewer2\Release\link-cvtres.read.1.tlog
E:\学习文件\研究生课程\Work\Sciyon\projects\图像识别\目前使用的(新)\二车间\二车间_2018_11_02_11_16\obj\HVMViewer2\Release\link-cvtres.write.1.tlog
E:\学习文件\研究生课程\WORK\SCIYON\PROJECTS\图像识别\目前使用的(新)\二车间\二车间_2018_11_02_11_16\OBJ\HVMVIEWER2\RELEASE\MAINFRM.OBJ
E:\学习文件\研究生课程\WORK\SCIYON\PROJECTS\图像识别\目前使用的(新)\二车间\二车间_2018_11_02_11_16\OBJ\HVMVIEWER2\RELEASE\MES.OBJ
E:\学习文件\研究生课程\Work\Sciyon\projects\图像识别\目前使用的(新)\二车间\二车间_2018_11_02_11_16\obj\HVMViewer2\Release\msado15.tlh
E:\学习文件\研究生课程\Work\Sciyon\projects\图像识别\目前使用的(新)\二车间\二车间_2018_11_02_11_16\obj\HVMViewer2\Release\msado15.tli
E:\学习文件\研究生课程\Work\Sciyon\projects\图像识别\目前使用的(新)\二车间\二车间_2018_11_02_11_16\obj\HVMViewer2\Release\mt.command.1.tlog
E:\学习文件\研究生课程\Work\Sciyon\projects\图像识别\目前使用的(新)\二车间\二车间_2018_11_02_11_16\obj\HVMViewer2\Release\mt.read.1.tlog
E:\学习文件\研究生课程\Work\Sciyon\projects\图像识别\目前使用的(新)\二车间\二车间_2018_11_02_11_16\obj\HVMViewer2\Release\mt.write.1.tlog
E:\学习文件\研究生课程\Work\Sciyon\projects\图像识别\目前使用的(新)\二车间\二车间_2018_11_02_11_16\obj\HVMViewer2\Release\rc.command.1.tlog
E:\学习文件\研究生课程\Work\Sciyon\projects\图像识别\目前使用的(新)\二车间\二车间_2018_11_02_11_16\obj\HVMViewer2\Release\rc.read.1.tlog
E:\学习文件\研究生课程\Work\Sciyon\projects\图像识别\目前使用的(新)\二车间\二车间_2018_11_02_11_16\obj\HVMViewer2\Release\rc.write.1.tlog
E:\学习文件\研究生课程\WORK\SCIYON\PROJECTS\图像识别\目前使用的(新)\二车间\二车间_2018_11_02_11_16\OBJ\HVMVIEWER2\RELEASE\SHOWDIALOG.OBJ
E:\学习文件\研究生课程\WORK\SCIYON\PROJECTS\图像识别\目前使用的(新)\二车间\二车间_2018_11_02_11_16\OBJ\HVMVIEWER2\RELEASE\STDAFX.OBJ
E:\学习文件\研究生课程\WORK\SCIYON\PROJECTS\图像识别\目前使用的(新)\二车间\二车间_2018_11_02_11_16\OBJ\HVMVIEWER2\RELEASE\TCPCLIENT.OBJ
E:\学习文件\研究生课程\WORK\SCIYON\PROJECTS\图像识别\目前使用的(新)\二车间\二车间_2018_11_02_11_16\OBJ\HVMVIEWER2\RELEASE\THREADBASE.OBJ
E:\学习文件\研究生课程\WORK\SCIYON\PROJECTS\图像识别\目前使用的(新)\二车间\二车间_2018_11_02_11_16\OBJ\HVMVIEWER2\RELEASE\VC100.PDB
