生成启动时间为 2018/10/18 18:22:36。
     1>项目“C:\Users\lenovo\Desktop\work\二车间_2018_10_17_15_33 - 副本\B#-Modal - 副本\HVMViewer2\HVMViewer2.vcxproj”在节点 2 上(build 个目标)。
     1>InitializeBuildStatus:
         正在创建“..\..\obj\HVMViewer2\Debug\HVMViewer2.unsuccessfulbuild”，因为已指定“AlwaysCreate”。
       ClCompile:
         所有输出均为最新。
         D:\vs2010\VC\bin\CL.exe /c /ZI /nologo /W3 /WX- /Od /Oy- /D WIN32 /D _WINDOWS /D _DEBUG /D _MBCS /D _AFXDLL /Gm /EHsc /RTC1 /MDd /GS /fp:precise /Zc:wchar_t /Zc:forScope /Yu"StdAfx.h" /Fp"..\..\obj\HVMViewer2\Debug\HVMViewer2.pch" /Fo"..\..\obj\HVMViewer2\Debug\\" /Fd"..\..\obj\HVMViewer2\Debug\vc100.pdb" /Gd /TP /analyze- /errorReport:prompt Camera.cpp
         Camera.cpp
       ResourceCompile:
         所有输出均为最新。
       ManifestResourceCompile:
         所有输出均为最新。
       Link:
         D:\vs2010\VC\bin\link.exe /ERRORREPORT:PROMPT /OUT:"..\..\bin\HVMViewer2.exe" /INCREMENTAL /NOLOGO /MANIFEST /ManifestFile:"..\..\obj\HVMViewer2\Debug\HVMViewer2.exe.intermediate.manifest" /MANIFESTUAC:"level='asInvoker' uiAccess='false'" /DEBUG /PDB:"C:\Users\lenovo\Desktop\work\二车间_2018_10_17_15_33 - 副本\bin\HVMViewer2.pdb" /SUBSYSTEM:WINDOWS /TLBID:1 /DYNAMICBASE /NXCOMPAT /IMPLIB:"..\..\bin\HVMViewer2.lib" /MACHINE:X86 ..\..\obj\HVMViewer2\Debug\HVMViewer2.res
         ..\..\obj\HVMViewer2\Debug\HVMViewer2.exe.embed.manifest.res
         ..\..\obj\HVMViewer2\Debug\BitmapStatic.obj
         ..\..\obj\HVMViewer2\Debug\bounce.obj
         ..\..\obj\HVMViewer2\Debug\Camera.obj
         ..\..\obj\HVMViewer2\Debug\DlgInsertOrder.obj
         ..\..\obj\HVMViewer2\Debug\DlgInsertPileNO.obj
         ..\..\obj\HVMViewer2\Debug\DlgLogIn.obj
         ..\..\obj\HVMViewer2\Debug\DlgPileNOInfo.obj
         ..\..\obj\HVMViewer2\Debug\DlgProgress.obj
         ..\..\obj\HVMViewer2\Debug\DlgQL.obj
         ..\..\obj\HVMViewer2\Debug\DlgReverseStack.obj
         ..\..\obj\HVMViewer2\Debug\DlgRevisePlateNO.obj
         ..\..\obj\HVMViewer2\Debug\DlgSelcetCrane.obj
         ..\..\obj\HVMViewer2\Debug\DlgXG.obj
         ..\..\obj\HVMViewer2\Debug\DlgYucaiPile.obj
         ..\..\obj\HVMViewer2\Debug\FORMVIEW.obj
         ..\..\obj\HVMViewer2\Debug\FORMVIEW1.obj
         ..\..\obj\HVMViewer2\Debug\HardCamera.obj
         ..\..\obj\HVMViewer2\Debug\HVMView.obj
         ..\..\obj\HVMViewer2\Debug\HVMViewer2.obj
         ..\..\obj\HVMViewer2\Debug\HVMViewer2Doc.obj
         ..\..\obj\HVMViewer2\Debug\MainFrm.obj
         ..\..\obj\HVMViewer2\Debug\Mes.obj
         ..\..\obj\HVMViewer2\Debug\ShowDialog.obj
         ..\..\obj\HVMViewer2\Debug\stdafx.obj
         ..\..\obj\HVMViewer2\Debug\ADODB.obj
         ..\..\obj\HVMViewer2\Debug\Common.obj
         ..\..\obj\HVMViewer2\Debug\TCPClient.obj
         ..\..\obj\HVMViewer2\Debug\ThreadBase.obj
       Manifest:
         C:\Program Files (x86)\Microsoft SDKs\Windows\v7.0A\bin\mt.exe /nologo /verbose /out:"..\..\obj\HVMViewer2\Debug\HVMViewer2.exe.embed.manifest" /manifest XPStyle.manifest ..\..\obj\HVMViewer2\Debug\HVMViewer2.exe.intermediate.manifest D:\vs2010\VC\Include\Manifest\dpiaware.manifest
         所有输出均为最新。
       LinkEmbedManifest:
         所有输出均为最新。
         HVMViewer2.vcxproj -> C:\Users\lenovo\Desktop\work\二车间_2018_10_17_15_33 - 副本\B#-Modal - 副本\HVMViewer2\..\..\bin\HVMViewer2.exe
       FinalizeBuildStatus:
         正在删除文件“..\..\obj\HVMViewer2\Debug\HVMViewer2.unsuccessfulbuild”。
         正在对“..\..\obj\HVMViewer2\Debug\HVMViewer2.lastbuildstate”执行 Touch 任务。
     1>已完成生成项目“C:\Users\lenovo\Desktop\work\二车间_2018_10_17_15_33 - 副本\B#-Modal - 副本\HVMViewer2\HVMViewer2.vcxproj”(build 个目标)的操作。

生成成功。

已用时间 00:00:01.19
