..\..\bin\HVMViewer2.pdb
E:\沙钢项目\工程代码\二车间\BIN\HVMVIEWER2.EXE
E:\沙钢项目\工程代码\二车间\BIN\HVMVIEWER2.ILK
E:\沙钢项目\工程代码\二车间\BIN\HVMVIEWER2.PDB
E:\沙钢项目\工程代码\二车间\OBJ\HVMVIEWER2\DEBUG\ADODB.OBJ
E:\沙钢项目\工程代码\二车间\OBJ\HVMVIEWER2\DEBUG\BITMAPSTATIC.OBJ
E:\沙钢项目\工程代码\二车间\OBJ\HVMVIEWER2\DEBUG\BOUNCE.OBJ
E:\沙钢项目\工程代码\二车间\OBJ\HVMVIEWER2\DEBUG\CAMERA.OBJ
E:\沙钢项目\工程代码\二车间\obj\HVMViewer2\Debug\cl.command.1.tlog
E:\沙钢项目\工程代码\二车间\obj\HVMViewer2\Debug\CL.read.1.tlog
E:\沙钢项目\工程代码\二车间\obj\HVMViewer2\Debug\CL.write.1.tlog
E:\沙钢项目\工程代码\二车间\OBJ\HVMVIEWER2\DEBUG\COMMON.OBJ
E:\沙钢项目\工程代码\二车间\OBJ\HVMVIEWER2\DEBUG\DLGINSERTORDER.OBJ
E:\沙钢项目\工程代码\二车间\OBJ\HVMVIEWER2\DEBUG\DLGINSERTPILENO.OBJ
E:\沙钢项目\工程代码\二车间\OBJ\HVMVIEWER2\DEBUG\DLGLOGIN.OBJ
E:\沙钢项目\工程代码\二车间\OBJ\HVMVIEWER2\DEBUG\DLGPILENOINFO.OBJ
E:\沙钢项目\工程代码\二车间\OBJ\HVMVIEWER2\DEBUG\DLGPROGRESS.OBJ
E:\沙钢项目\工程代码\二车间\OBJ\HVMVIEWER2\DEBUG\DLGQL.OBJ
E:\沙钢项目\工程代码\二车间\OBJ\HVMVIEWER2\DEBUG\DLGREVERSESTACK.OBJ
E:\沙钢项目\工程代码\二车间\OBJ\HVMVIEWER2\DEBUG\DLGREVISEPLATENO.OBJ
E:\沙钢项目\工程代码\二车间\OBJ\HVMVIEWER2\DEBUG\DLGSELCETCRANE.OBJ
E:\沙钢项目\工程代码\二车间\OBJ\HVMVIEWER2\DEBUG\DLGXG.OBJ
E:\沙钢项目\工程代码\二车间\OBJ\HVMVIEWER2\DEBUG\DLGYUCAIPILE.OBJ
E:\沙钢项目\工程代码\二车间\OBJ\HVMVIEWER2\DEBUG\FORMVIEW.OBJ
E:\沙钢项目\工程代码\二车间\OBJ\HVMVIEWER2\DEBUG\FORMVIEW1.OBJ
E:\沙钢项目\工程代码\二车间\OBJ\HVMVIEWER2\DEBUG\HARDCAMERA.OBJ
E:\沙钢项目\工程代码\二车间\OBJ\HVMVIEWER2\DEBUG\HVMVIEW.OBJ
E:\沙钢项目\工程代码\二车间\OBJ\HVMVIEWER2\DEBUG\HVMVIEWER2.EXE.EMBED.MANIFEST
E:\沙钢项目\工程代码\二车间\OBJ\HVMVIEWER2\DEBUG\HVMVIEWER2.EXE.EMBED.MANIFEST.RES
E:\沙钢项目\工程代码\二车间\OBJ\HVMVIEWER2\DEBUG\HVMVIEWER2.EXE.INTERMEDIATE.MANIFEST
E:\沙钢项目\工程代码\二车间\OBJ\HVMVIEWER2\DEBUG\HVMVIEWER2.OBJ
E:\沙钢项目\工程代码\二车间\OBJ\HVMVIEWER2\DEBUG\HVMVIEWER2.PCH
E:\沙钢项目\工程代码\二车间\OBJ\HVMVIEWER2\DEBUG\HVMVIEWER2.RES
E:\沙钢项目\工程代码\二车间\obj\HVMViewer2\Debug\HVMViewer2_manifest.rc
E:\沙钢项目\工程代码\二车间\OBJ\HVMVIEWER2\DEBUG\HVMVIEWER2DOC.OBJ
E:\沙钢项目\工程代码\二车间\obj\HVMViewer2\Debug\link.command.1.tlog
E:\沙钢项目\工程代码\二车间\obj\HVMViewer2\Debug\link.read.1.tlog
E:\沙钢项目\工程代码\二车间\obj\HVMViewer2\Debug\link.write.1.tlog
E:\沙钢项目\工程代码\二车间\obj\HVMViewer2\Debug\link-cvtres.read.1.tlog
E:\沙钢项目\工程代码\二车间\obj\HVMViewer2\Debug\link-cvtres.write.1.tlog
E:\沙钢项目\工程代码\二车间\OBJ\HVMVIEWER2\DEBUG\MAINFRM.OBJ
E:\沙钢项目\工程代码\二车间\OBJ\HVMVIEWER2\DEBUG\MES.OBJ
E:\沙钢项目\工程代码\二车间\obj\HVMViewer2\Debug\msado15.tlh
E:\沙钢项目\工程代码\二车间\obj\HVMViewer2\Debug\msado15.tli
E:\沙钢项目\工程代码\二车间\obj\HVMViewer2\Debug\mt.command.1.tlog
E:\沙钢项目\工程代码\二车间\obj\HVMViewer2\Debug\mt.read.1.tlog
E:\沙钢项目\工程代码\二车间\obj\HVMViewer2\Debug\mt.write.1.tlog
E:\沙钢项目\工程代码\二车间\obj\HVMViewer2\Debug\rc.command.1.tlog
E:\沙钢项目\工程代码\二车间\obj\HVMViewer2\Debug\rc.read.1.tlog
E:\沙钢项目\工程代码\二车间\obj\HVMViewer2\Debug\rc.write.1.tlog
E:\沙钢项目\工程代码\二车间\OBJ\HVMVIEWER2\DEBUG\SHOWDIALOG.OBJ
E:\沙钢项目\工程代码\二车间\OBJ\HVMVIEWER2\DEBUG\STDAFX.OBJ
E:\沙钢项目\工程代码\二车间\OBJ\HVMVIEWER2\DEBUG\TCPCLIENT.OBJ
E:\沙钢项目\工程代码\二车间\OBJ\HVMVIEWER2\DEBUG\THREADBASE.OBJ
E:\沙钢项目\工程代码\二车间\obj\HVMViewer2\Debug\vc100.idb
E:\沙钢项目\工程代码\二车间\OBJ\HVMVIEWER2\DEBUG\VC100.PDB
